<?xml version="1.0" encoding="UTF-8"?>
<!-- Generated by org.testng.reporters.JUnitXMLReporter -->
<testsuite ignored="0" hostname="DESKTOP-CKBL5PE" failures="0" tests="4" name="Test" time="3.955" errors="0" timestamp="29 Aug 2023 18:20:31 GMT">
  <testcase classname="org.testing.testscripts.testcase1_post" name="tc1" time="3.595"/>
  <testcase classname="org.testing.testscripts.tescase2_get" name="tc2" time="0.172"/>
  <testcase classname="org.testing.testscripts.tescase2_get" name="tc3" time="0.094"/>
  <testcase classname="org.testing.testscripts.testcase3_getparticular" name="tc3" time="0.062"/>
</testsuite> <!-- Test -->
