<?xml version="1.0" encoding="UTF-8"?>
<!-- Generated by org.testng.reporters.JUnitXMLReporter -->
<testsuite ignored="0" hostname="DESKTOP-CKBL5PE" failures="0" tests="4" name="Test" time="2.518" errors="0" timestamp="28 Aug 2023 21:07:03 GMT">
  <testcase classname="org.testing.testscripts.testcase1_post" name="tc1" time="2.259"/>
  <testcase classname="org.testing.testscripts.tescase2_get" name="tc2" time="0.081"/>
  <testcase classname="org.testing.testscripts.tescase2_get" name="tc3" time="0.071"/>
  <testcase classname="org.testing.testscripts.testcase3_getparticular" name="tc3" time="0.063"/>
</testsuite> <!-- Test -->
